[0.064s] Invoking command in '/home/jetson/ros2_ws/build/px4_ros_com': AMENT_PREFIX_PATH=/home/jetson/ros2_ws/install/px4_msgs:${AMENT_PREFIX_PATH} CMAKE_PREFIX_PATH=/home/jetson/ros2_ws/install/px4_msgs:/opt/ros/foxy LD_LIBRARY_PATH=/home/jetson/ros2_ws/install/px4_msgs/lib:${LD_LIBRARY_PATH} PYTHONPATH=/home/jetson/ros2_ws/install/px4_msgs/lib/python3.8/site-packages:${PYTHONPATH} /usr/local/bin/cmake --build /home/jetson/ros2_ws/build/px4_ros_com -- -j4 -l4
[0.214s] [  2%] Built target frame_transforms
[0.429s] [ 91%] Built target micrortps_agent
[0.477s] [ 93%] Built target vehicle_gps_position_listener
[0.532s] [ 94%] Built target debug_vect_advertiser
[0.578s] [ 96%] Built target sensor_combined_listener
[0.626s] [ 98%] Built target setpoint
[0.653s] [35m[1mScanning dependencies of target offboard_control[0m
[0.708s] [ 99%] [32mBuilding CXX object CMakeFiles/offboard_control.dir/src/examples/offboard/offboard_control.cpp.o[0m
[7.096s] [01m[K/home/jetson/ros2_ws/src/px4_ros_com/src/examples/offboard/offboard_control.cpp:[m[K In lambda function:
[7.096s] [01m[K/home/jetson/ros2_ws/src/px4_ros_com/src/examples/offboard/offboard_control.cpp:67:56:[m[K [01;31m[Kerror: [m[Kno matching function for call to â€˜[01m[Kbind(<unresolved overloaded function type>, OffboardControl*, const std::_Placeholder<1>&)[m[Kâ€™
[7.097s]     std::bind(&OffboardControl::topic_callback, this, _1[01;31m[K)[m[K)
[7.098s]                                                         [01;31m[K^[m[K
[7.098s] In file included from [01m[K/opt/ros/foxy/include/rclcpp/context.hpp:19[m[K,
[7.099s]                  from [01m[K/opt/ros/foxy/include/rclcpp/contexts/default_context.hpp:18[m[K,
[7.099s]                  from [01m[K/opt/ros/foxy/include/rclcpp/executor.hpp:32[m[K,
[7.099s]                  from [01m[K/opt/ros/foxy/include/rclcpp/executors/multi_threaded_executor.hpp:26[m[K,
[7.100s]                  from [01m[K/opt/ros/foxy/include/rclcpp/executors.hpp:21[m[K,
[7.101s]                  from [01m[K/opt/ros/foxy/include/rclcpp/rclcpp.hpp:146[m[K,
[7.103s]                  from [01m[K/home/jetson/ros2_ws/src/px4_ros_com/src/examples/offboard/offboard_control.cpp:10[m[K:
[7.103s] [01m[K/usr/include/c++/8/functional:808:5:[m[K [01;36m[Knote: [m[Kcandidate: â€˜[01m[Ktemplate<class _Func, class ... _BoundArgs> typename std::_Bind_helper<std::__is_socketlike<_Func>::value, _Func, _BoundArgs ...>::type std::bind(_Func&&, _BoundArgs&& ...)[m[Kâ€™
[7.104s]      [01;36m[Kbind[m[K(_Func&& __f, _BoundArgs&&... __args)
[7.104s]      [01;36m[K^~~~[m[K
[7.105s] [01m[K/usr/include/c++/8/functional:808:5:[m[K [01;36m[Knote: [m[K  template argument deduction/substitution failed:
[7.105s] [01m[K/home/jetson/ros2_ws/src/px4_ros_com/src/examples/offboard/offboard_control.cpp:67:56:[m[K [01;36m[Knote: [m[K  couldn't deduce template parameter â€˜[01m[K_Func[m[Kâ€™
[7.106s]     std::bind(&OffboardControl::topic_callback, this, _1[01;36m[K)[m[K)
[7.106s]                                                         [01;36m[K^[m[K
[7.107s] In file included from [01m[K/opt/ros/foxy/include/rclcpp/context.hpp:19[m[K,
[7.107s]                  from [01m[K/opt/ros/foxy/include/rclcpp/contexts/default_context.hpp:18[m[K,
[7.108s]                  from [01m[K/opt/ros/foxy/include/rclcpp/executor.hpp:32[m[K,
[7.108s]                  from [01m[K/opt/ros/foxy/include/rclcpp/executors/multi_threaded_executor.hpp:26[m[K,
[7.110s]                  from [01m[K/opt/ros/foxy/include/rclcpp/executors.hpp:21[m[K,
[7.111s]                  from [01m[K/opt/ros/foxy/include/rclcpp/rclcpp.hpp:146[m[K,
[7.112s]                  from [01m[K/home/jetson/ros2_ws/src/px4_ros_com/src/examples/offboard/offboard_control.cpp:10[m[K:
[7.112s] [01m[K/usr/include/c++/8/functional:832:5:[m[K [01;36m[Knote: [m[Kcandidate: â€˜[01m[Ktemplate<class _Result, class _Func, class ... _BoundArgs> typename std::_Bindres_helper<_Result, _Func, _BoundArgs>::type std::bind(_Func&&, _BoundArgs&& ...)[m[Kâ€™
[7.112s]      [01;36m[Kbind[m[K(_Func&& __f, _BoundArgs&&... __args)
[7.113s]      [01;36m[K^~~~[m[K
[7.113s] [01m[K/usr/include/c++/8/functional:832:5:[m[K [01;36m[Knote: [m[K  template argument deduction/substitution failed:
[7.114s] [01m[K/home/jetson/ros2_ws/src/px4_ros_com/src/examples/offboard/offboard_control.cpp:67:56:[m[K [01;36m[Knote: [m[K  couldn't deduce template parameter â€˜[01m[K_Result[m[Kâ€™
[7.114s]     std::bind(&OffboardControl::topic_callback, this, _1[01;36m[K)[m[K)
[7.115s]                                                         [01;36m[K^[m[K
[7.115s] [01m[K/home/jetson/ros2_ws/src/px4_ros_com/src/examples/offboard/offboard_control.cpp:148:4:[m[K [01;31m[Kerror: [m[Kexpected primary-expression before â€˜[01m[K)[m[Kâ€™ token
[7.115s]    }[01;31m[K)[m[K;
[7.116s]     [01;31m[K^[m[K
[13.836s] [01m[K/home/jetson/ros2_ws/src/px4_ros_com/src/examples/offboard/offboard_control.cpp:54:16:[m[K [01;35m[Kwarning: [m[Kignoring return value of â€˜[01m[Kint system(const char*)[m[Kâ€™, declared with attribute warn_unused_result [[01;35m[K-Wunused-result[m[K]
[13.837s]      [01;35m[Kstd::system("gnome-terminal -- bash -c 'source ~/px4_ros_com_ros2/install/setup.bash && ros2 launch px4_ros_com sensor_combined_listener.launch.py'")[m[K;
[13.837s]      [01;35m[K~~~~~~~~~~~^~~~~~~~~~~~~~~~~~~~~~~~~~~~~~~~~~~~~~~~~~~~~~~~~~~~~~~~~~~~~~~~~~~~~~~~~~~~~~~~~~~~~~~~~~~~~~~~~~~~~~~~~~~~~~~~~~~~~~~~~~~~~~~~~~~~~~~~~~[m[K
[14.260s] make[2]: *** [CMakeFiles/offboard_control.dir/build.make:82: CMakeFiles/offboard_control.dir/src/examples/offboard/offboard_control.cpp.o] Error 1
[14.260s] make[1]: *** [CMakeFiles/Makefile2:136: CMakeFiles/offboard_control.dir/all] Error 2
[14.261s] make: *** [Makefile:160: all] Error 2
[14.266s] Invoked command in '/home/jetson/ros2_ws/build/px4_ros_com' returned '2': AMENT_PREFIX_PATH=/home/jetson/ros2_ws/install/px4_msgs:${AMENT_PREFIX_PATH} CMAKE_PREFIX_PATH=/home/jetson/ros2_ws/install/px4_msgs:/opt/ros/foxy LD_LIBRARY_PATH=/home/jetson/ros2_ws/install/px4_msgs/lib:${LD_LIBRARY_PATH} PYTHONPATH=/home/jetson/ros2_ws/install/px4_msgs/lib/python3.8/site-packages:${PYTHONPATH} /usr/local/bin/cmake --build /home/jetson/ros2_ws/build/px4_ros_com -- -j4 -l4
