make: Warning: File 'Makefile' has modification time 121 s in the future
-- Using C++17 compiler
-- Found ament_cmake: 0.9.9 (/opt/ros/foxy/share/ament_cmake/cmake)
-- Using PYTHON_EXECUTABLE: /usr/bin/python3
-- Override CMake install command with custom implementation using symlinks instead of copying resources
-- Found builtin_interfaces: 1.0.0 (/opt/ros/foxy/share/builtin_interfaces/cmake)
-- Using all available rosidl_typesupport_c: rosidl_typesupport_fastrtps_c;rosidl_typesupport_introspection_c
-- Found rosidl_adapter: 1.2.1 (/opt/ros/foxy/share/rosidl_adapter/cmake)
-- Using all available rosidl_typesupport_cpp: rosidl_typesupport_fastrtps_cpp;rosidl_typesupport_introspection_cpp
-- Found rclcpp: 2.4.1 (/opt/ros/foxy/share/rclcpp/cmake)
-- Found rmw_implementation_cmake: 1.0.3 (/opt/ros/foxy/share/rmw_implementation_cmake/cmake)
-- Using RMW implementation 'rmw_fastrtps_cpp' as default
-- Found rmw_fastrtps_cpp: 1.3.0 (/opt/ros/foxy/share/rmw_fastrtps_cpp/cmake)
-- Found px4_msgs: 2.0.1 (/home/jetson/ros2_ws/install/px4_msgs/share/px4_msgs/cmake)
-- Found sensor_msgs: 2.0.5 (/opt/ros/foxy/share/sensor_msgs/cmake)
-- Found eigen3_cmake_module: 0.1.1 (/opt/ros/foxy/share/eigen3_cmake_module/cmake)
-- fastrtpsgen found in /usr/local/bin
openjdk version "11.0.15" 2022-04-19
OpenJDK Runtime Environment (build 11.0.15+10-Ubuntu-0ubuntu0.20.04.1)
OpenJDK 64-Bit Server VM (build 11.0.15+10-Ubuntu-0ubuntu0.20.04.1, mixed mode)
-- fastrtpsgen version 1.0.4
-- px4_msgs message dir under /home/jetson/ros2_ws/install/px4_msgs/share/px4_msgs/msg
-- IDL definitions under /home/jetson/ros2_ws/install/px4_msgs/share/px4_msgs/msg
-- Retrieving list of msgs to send...
-- List of msgs to send: DebugArray, DebugKeyValue, DebugValue, DebugVect, OffboardControlMode, OnboardComputerStatus, PositionSetpoint, PositionSetpointTriplet, SensorOpticalFlow, TelemetryStatus, Timesync, TrajectoryBezier, TrajectorySetpoint, VehicleCommand, VehicleLocalPositionSetpoint, VehicleTrajectoryBezier, VehicleTrajectoryWaypoint, VehicleMocapOdometry, VehicleVisualOdometry
-- Retrieving list of msgs to receive...
-- List of msgs to receive: CollisionConstraints, SensorCombined, Timesync, TimesyncStatus, TrajectoryWaypoint, VehicleControlMode, VehicleLocalPosition, VehicleOdometry, VehicleStatus
-- Configuring done
-- Generating done
-- Build files have been written to: /home/jetson/ros2_ws/build/px4_ros_com
make[2]: Warning: File 'CMakeFiles/frame_transforms.dir/flags.make' has modification time 621 s in the future
make[2]: warning:  Clock skew detected.  Your build may be incomplete.
make[2]: Warning: File 'CMakeFiles/frame_transforms.dir/flags.make' has modification time 621 s in the future
make[2]: warning:  Clock skew detected.  Your build may be incomplete.
[  2%] Built target frame_transforms
make[2]: Warning: File 'CMakeFiles/micrortps_agent.dir/flags.make' has modification time 621 s in the future
make[2]: warning:  Clock skew detected.  Your build may be incomplete.
make[2]: Warning: File 'CMakeFiles/micrortps_agent.dir/flags.make' has modification time 621 s in the future
make[2]: warning:  Clock skew detected.  Your build may be incomplete.
[ 91%] Built target micrortps_agent
make[2]: Warning: File 'CMakeFiles/vehicle_gps_position_listener.dir/flags.make' has modification time 2758 s in the future
make[2]: warning:  Clock skew detected.  Your build may be incomplete.
make[2]: Warning: File 'CMakeFiles/vehicle_gps_position_listener.dir/flags.make' has modification time 2758 s in the future
make[2]: warning:  Clock skew detected.  Your build may be incomplete.
[ 93%] Built target vehicle_gps_position_listener
make[2]: Warning: File 'CMakeFiles/debug_vect_advertiser.dir/flags.make' has modification time 2758 s in the future
make[2]: warning:  Clock skew detected.  Your build may be incomplete.
make[2]: Warning: File 'CMakeFiles/debug_vect_advertiser.dir/flags.make' has modification time 2758 s in the future
make[2]: warning:  Clock skew detected.  Your build may be incomplete.
[ 94%] Built target debug_vect_advertiser
make[2]: Warning: File 'CMakeFiles/sensor_combined_listener.dir/flags.make' has modification time 2758 s in the future
make[2]: warning:  Clock skew detected.  Your build may be incomplete.
make[2]: Warning: File 'CMakeFiles/sensor_combined_listener.dir/flags.make' has modification time 2758 s in the future
make[2]: warning:  Clock skew detected.  Your build may be incomplete.
[ 96%] Built target sensor_combined_listener
make[2]: Warning: File 'CMakeFiles/setpoint.dir/flags.make' has modification time 2758 s in the future
make[2]: warning:  Clock skew detected.  Your build may be incomplete.
make[2]: Warning: File 'CMakeFiles/setpoint.dir/flags.make' has modification time 2758 s in the future
make[2]: warning:  Clock skew detected.  Your build may be incomplete.
[ 98%] Built target setpoint
make[2]: Warning: File 'CMakeFiles/offboard_control.dir/flags.make' has modification time 2758 s in the future
[35m[1mScanning dependencies of target offboard_control[0m
make[2]: warning:  Clock skew detected.  Your build may be incomplete.
make[2]: Warning: File 'CMakeFiles/offboard_control.dir/flags.make' has modification time 2758 s in the future
[ 99%] [32mBuilding CXX object CMakeFiles/offboard_control.dir/src/examples/offboard/offboard_control.cpp.o[0m
[01m[K/home/jetson/ros2_ws/src/px4_ros_com/src/examples/offboard/offboard_control.cpp:[m[K In lambda function:
[01m[K/home/jetson/ros2_ws/src/px4_ros_com/src/examples/offboard/offboard_control.cpp:87:8:[m[K [01;31m[Kerror: [m[Kâ€˜[01m[Kwaypoints[m[Kâ€™ was not declared in this scope
    if(([01;31m[Kwaypoints[m[K[waypointIndex][0] + 0.3 > X && waypoints[waypointIndex][0] - 0.3 < X)&&(waypoints[waypointIndex][1] + 0.3 > Y && waypoints[waypointIndex][1] - 0.3 < Y)){
        [01;31m[K^~~~~~~~~[m[K
[01m[K/home/jetson/ros2_ws/src/px4_ros_com/src/examples/offboard/offboard_control.cpp:87:8:[m[K [01;36m[Knote: [m[Ksuggested alternative: â€˜[01m[Kasprintf[m[Kâ€™
    if(([01;36m[Kwaypoints[m[K[waypointIndex][0] + 0.3 > X && waypoints[waypointIndex][0] - 0.3 < X)&&(waypoints[waypointIndex][1] + 0.3 > Y && waypoints[waypointIndex][1] - 0.3 < Y)){
        [01;36m[K^~~~~~~~~[m[K
        [32m[Kasprintf[m[K
make[2]: *** [CMakeFiles/offboard_control.dir/build.make:82: CMakeFiles/offboard_control.dir/src/examples/offboard/offboard_control.cpp.o] Error 1
make[1]: *** [CMakeFiles/Makefile2:136: CMakeFiles/offboard_control.dir/all] Error 2
make: *** [Makefile:160: all] Error 2
