[0.047s] Invoking command in '/home/jetson/ros2_ws/build/px4_ros_com': AMENT_PREFIX_PATH=/home/jetson/ros2_ws/install/px4_msgs:${AMENT_PREFIX_PATH} CMAKE_PREFIX_PATH=/home/jetson/ros2_ws/install/px4_msgs:/opt/ros/foxy LD_LIBRARY_PATH=/home/jetson/ros2_ws/install/px4_msgs/lib:${LD_LIBRARY_PATH} PYTHONPATH=/home/jetson/ros2_ws/install/px4_msgs/lib/python3.8/site-packages:${PYTHONPATH} /usr/local/bin/cmake --build /home/jetson/ros2_ws/build/px4_ros_com -- -j4 -l4
[0.119s] -- Using C++17 compiler
[0.120s] -- Found ament_cmake: 0.9.9 (/opt/ros/foxy/share/ament_cmake/cmake)
[0.210s] -- Using PYTHON_EXECUTABLE: /usr/bin/python3
[1.253s] -- Override CMake install command with custom implementation using symlinks instead of copying resources
[1.279s] -- Found builtin_interfaces: 1.0.0 (/opt/ros/foxy/share/builtin_interfaces/cmake)
[1.371s] -- Using all available rosidl_typesupport_c: rosidl_typesupport_fastrtps_c;rosidl_typesupport_introspection_c
[1.385s] -- Found rosidl_adapter: 1.2.1 (/opt/ros/foxy/share/rosidl_adapter/cmake)
[1.906s] -- Using all available rosidl_typesupport_cpp: rosidl_typesupport_fastrtps_cpp;rosidl_typesupport_introspection_cpp
[2.094s] -- Found rclcpp: 2.4.1 (/opt/ros/foxy/share/rclcpp/cmake)
[2.241s] -- Found rmw_implementation_cmake: 1.0.3 (/opt/ros/foxy/share/rmw_implementation_cmake/cmake)
[2.247s] -- Using RMW implementation 'rmw_fastrtps_cpp' as default
[2.876s] -- Found rmw_fastrtps_cpp: 1.3.0 (/opt/ros/foxy/share/rmw_fastrtps_cpp/cmake)
[3.363s] -- Found px4_msgs: 2.0.1 (/home/jetson/ros2_ws/install/px4_msgs/share/px4_msgs/cmake)
[3.430s] -- Found sensor_msgs: 2.0.5 (/opt/ros/foxy/share/sensor_msgs/cmake)
[3.986s] -- Found eigen3_cmake_module: 0.1.1 (/opt/ros/foxy/share/eigen3_cmake_module/cmake)
[3.990s] -- fastrtpsgen found in /usr/local/bin
[4.239s] openjdk version "11.0.15" 2022-04-19
[4.239s] OpenJDK Runtime Environment (build 11.0.15+10-Ubuntu-0ubuntu0.20.04.1)
[4.240s] OpenJDK 64-Bit Server VM (build 11.0.15+10-Ubuntu-0ubuntu0.20.04.1, mixed mode)
[4.368s] -- fastrtpsgen version 1.0.4
[4.368s] -- px4_msgs message dir under /home/jetson/ros2_ws/install/px4_msgs/share/px4_msgs/msg
[4.369s] -- IDL definitions under /home/jetson/ros2_ws/install/px4_msgs/share/px4_msgs/msg
[4.369s] -- Retrieving list of msgs to send...
[4.599s] -- List of msgs to send: DebugArray, DebugKeyValue, DebugValue, DebugVect, OffboardControlMode, OnboardComputerStatus, PositionSetpoint, PositionSetpointTriplet, SensorOpticalFlow, TelemetryStatus, Timesync, TrajectoryBezier, TrajectorySetpoint, VehicleCommand, VehicleLocalPositionSetpoint, VehicleTrajectoryBezier, VehicleTrajectoryWaypoint, VehicleMocapOdometry, VehicleVisualOdometry
[4.600s] -- Retrieving list of msgs to receive...
[4.830s] -- List of msgs to receive: CollisionConstraints, SensorCombined, Timesync, TimesyncStatus, TrajectoryWaypoint, VehicleControlMode, VehicleLocalPosition, VehicleOdometry, VehicleStatus
[5.189s] -- Configuring done
[5.697s] -- Generating done
[5.706s] -- Build files have been written to: /home/jetson/ros2_ws/build/px4_ros_com
[5.763s] make[2]: Warning: File 'CMakeFiles/frame_transforms.dir/flags.make' has modification time 351 s in the future
[5.779s] make[2]: warning:  Clock skew detected.  Your build may be incomplete.
[5.790s] make[2]: Warning: File 'CMakeFiles/frame_transforms.dir/flags.make' has modification time 351 s in the future
[5.793s] make[2]: warning:  Clock skew detected.  Your build may be incomplete.
[5.804s] [  2%] Built target frame_transforms
[5.885s] make[2]: Warning: File 'CMakeFiles/micrortps_agent.dir/flags.make' has modification time 351 s in the future
[5.935s] make[2]: warning:  Clock skew detected.  Your build may be incomplete.
[6.029s] make[2]: Warning: File 'CMakeFiles/micrortps_agent.dir/flags.make' has modification time 351 s in the future
[6.040s] make[2]: warning:  Clock skew detected.  Your build may be incomplete.
[6.064s] [ 91%] Built target micrortps_agent
[6.073s] make[2]: Warning: File 'CMakeFiles/vehicle_gps_position_listener.dir/flags.make' has modification time 2488 s in the future
[6.093s] make[2]: warning:  Clock skew detected.  Your build may be incomplete.
[6.104s] make[2]: Warning: File 'CMakeFiles/vehicle_gps_position_listener.dir/flags.make' has modification time 2488 s in the future
[6.107s] make[2]: warning:  Clock skew detected.  Your build may be incomplete.
[6.121s] [ 93%] Built target vehicle_gps_position_listener
[6.134s] make[2]: Warning: File 'CMakeFiles/debug_vect_advertiser.dir/flags.make' has modification time 2488 s in the future
[6.153s] make[2]: warning:  Clock skew detected.  Your build may be incomplete.
[6.162s] make[2]: Warning: File 'CMakeFiles/debug_vect_advertiser.dir/flags.make' has modification time 2488 s in the future
[6.165s] make[2]: warning:  Clock skew detected.  Your build may be incomplete.
[6.177s] [ 94%] Built target debug_vect_advertiser
[6.187s] make[2]: Warning: File 'CMakeFiles/sensor_combined_listener.dir/flags.make' has modification time 2488 s in the future
[6.205s] make[2]: warning:  Clock skew detected.  Your build may be incomplete.
[6.213s] make[2]: Warning: File 'CMakeFiles/sensor_combined_listener.dir/flags.make' has modification time 2488 s in the future
[6.217s] make[2]: warning:  Clock skew detected.  Your build may be incomplete.
[6.234s] [ 96%] Built target sensor_combined_listener
[6.241s] make[2]: Warning: File 'CMakeFiles/setpoint.dir/flags.make' has modification time 2488 s in the future
[6.260s] make[2]: warning:  Clock skew detected.  Your build may be incomplete.
[6.268s] make[2]: Warning: File 'CMakeFiles/setpoint.dir/flags.make' has modification time 2488 s in the future
[6.272s] make[2]: warning:  Clock skew detected.  Your build may be incomplete.
[6.284s] [ 98%] Built target setpoint
[6.293s] make[2]: Warning: File 'CMakeFiles/offboard_control.dir/flags.make' has modification time 2488 s in the future
[6.305s] [35m[1mScanning dependencies of target offboard_control[0m
[6.340s] make[2]: warning:  Clock skew detected.  Your build may be incomplete.
[6.348s] make[2]: Warning: File 'CMakeFiles/offboard_control.dir/flags.make' has modification time 2488 s in the future
[6.362s] [ 99%] [32mBuilding CXX object CMakeFiles/offboard_control.dir/src/examples/offboard/offboard_control.cpp.o[0m
[11.951s] [01m[K/home/jetson/ros2_ws/src/px4_ros_com/src/examples/offboard/offboard_control.cpp:[m[K In lambda function:
[11.951s] [01m[K/home/jetson/ros2_ws/src/px4_ros_com/src/examples/offboard/offboard_control.cpp:87:8:[m[K [01;31m[Kerror: [m[Kâ€˜[01m[Kwaypoints[m[Kâ€™ was not declared in this scope
[11.951s]     if(([01;31m[Kwaypoints[m[K[waypointIndex][0] + 0.3 > X && waypoints[waypointIndex][0] - 0.3 < X)&&(waypoints[waypointIndex][1] + 0.3 > Y && waypoints[waypointIndex][1] - 0.3 < Y)){
[11.952s]         [01;31m[K^~~~~~~~~[m[K
[11.959s] [01m[K/home/jetson/ros2_ws/src/px4_ros_com/src/examples/offboard/offboard_control.cpp:87:8:[m[K [01;36m[Knote: [m[Ksuggested alternative: â€˜[01m[Kasprintf[m[Kâ€™
[11.960s]     if(([01;36m[Kwaypoints[m[K[waypointIndex][0] + 0.3 > X && waypoints[waypointIndex][0] - 0.3 < X)&&(waypoints[waypointIndex][1] + 0.3 > Y && waypoints[waypointIndex][1] - 0.3 < Y)){
[11.960s]         [01;36m[K^~~~~~~~~[m[K
[11.960s]         [32m[Kasprintf[m[K
[11.961s] [01m[K/home/jetson/ros2_ws/src/px4_ros_com/src/examples/offboard/offboard_control.cpp:90:4:[m[K [01;35m[Kwarning: [m[Kthis â€˜[01m[Kif[m[Kâ€™ clause does not guard... [[01;35m[K-Wmisleading-indentation[m[K]
[11.961s]     [01;35m[Kif[m[K (waypointIndex >= waypoints.size())
[11.961s]     [01;35m[K^~[m[K
[11.962s] [01m[K/home/jetson/ros2_ws/src/px4_ros_com/src/examples/offboard/offboard_control.cpp:92:5:[m[K [01;36m[Knote: [m[K...this statement, but the latter is misleadingly indented as if it were guarded by the â€˜[01m[Kif[m[Kâ€™
[11.962s]      [01;36m[KwaypointIndex[m[K = 0;
[11.963s]      [01;36m[K^~~~~~~~~~~~~[m[K
[21.273s] make[2]: *** [CMakeFiles/offboard_control.dir/build.make:82: CMakeFiles/offboard_control.dir/src/examples/offboard/offboard_control.cpp.o] Error 1
[21.274s] make[1]: *** [CMakeFiles/Makefile2:136: CMakeFiles/offboard_control.dir/all] Error 2
[21.274s] make: *** [Makefile:160: all] Error 2
[21.283s] Invoked command in '/home/jetson/ros2_ws/build/px4_ros_com' returned '2': AMENT_PREFIX_PATH=/home/jetson/ros2_ws/install/px4_msgs:${AMENT_PREFIX_PATH} CMAKE_PREFIX_PATH=/home/jetson/ros2_ws/install/px4_msgs:/opt/ros/foxy LD_LIBRARY_PATH=/home/jetson/ros2_ws/install/px4_msgs/lib:${LD_LIBRARY_PATH} PYTHONPATH=/home/jetson/ros2_ws/install/px4_msgs/lib/python3.8/site-packages:${PYTHONPATH} /usr/local/bin/cmake --build /home/jetson/ros2_ws/build/px4_ros_com -- -j4 -l4
